Arguments: 
  C:\Program Files\nodejs\node.exe C:\Users\mosta\AppData\Roaming\npm\node_modules\yarn\bin\yarn.js

PATH: 
  C:\Users\mosta\AppData\Local\npm-cache\_npx\a78262c2ecc815d9\node_modules\.bin;G:\Peacokc\March\payload-cms\node_modules\.bin;G:\Peacokc\March\node_modules\.bin;G:\Peacokc\node_modules\.bin;G:\node_modules\.bin;C:\Users\mosta\AppData\Roaming\nvm\v20.3.0\node_modules\npm\node_modules\@npmcli\run-script\lib\node-gyp-bin;C:\Users\mosta\bin;C:\Program Files\Git\mingw64\bin;C:\Program Files\Git\usr\local\bin;C:\Program Files\Git\usr\bin;C:\Program Files\Git\usr\bin;C:\Program Files\Git\mingw64\bin;C:\Program Files\Git\usr\bin;C:\Users\mosta\bin;C:\Program Files (x86)\VMware\VMware Player\bin;C:\WINDOWS\system32;C:\WINDOWS;C:\WINDOWS\System32\Wbem;C:\WINDOWS\System32\WindowsPowerShell\v1.0;C:\WINDOWS\System32\OpenSSH;C:\Program Files\MongoDB\Server\6.0\bin;C:\Program Files\dotnet;G:\mongosh-1.10.6-win32-x64\bin;%NVM_HOME%;%NVM_SYMLINK%;C:\Program Files\Git\cmd;C:\Program Files (x86)\Windows Kits\10\Windows Performance Toolkit;C:\Users\mosta\.cargo\bin;C:\Users\mosta\.console-ninja\.bin;C:\Users\mosta\AppData\Local\Microsoft\WindowsApps;C:\Users\mosta\.dotnet\tools;C:\Users\mosta\AppData\Local\Programs\oh-my-posh\bin;C:\Users\mosta\AppData\Roaming\npm;C:\Users\mosta\AppData\Roaming\nvm;C:\Program Files\nodejs;C:\Program Files\MongoDB\Server\7.0\bin;C:\Users\mosta\AppData\Local\GitHubDesktop\bin;C:\Users\mosta\AppData\Local\Programs\Microsoft VS Code\bin;C:\Program Files\Git\usr\bin\vendor_perl;C:\Program Files\Git\usr\bin\core_perl

Yarn version: 
  1.22.19

Node version: 
  20.3.0

Platform: 
  win32 x64

Trace: 
  Error: https://registry.yarnpkg.com/date-fns/-/date-fns-2.30.0.tgz: ESOCKETTIMEDOUT
      at ClientRequest.<anonymous> (C:\Users\mosta\AppData\Roaming\npm\node_modules\yarn\lib\cli.js:141517:19)
      at Object.onceWrapper (node:events:625:28)
      at ClientRequest.emit (node:events:511:28)
      at TLSSocket.emitRequestTimeout (node:_http_client:840:9)
      at Object.onceWrapper (node:events:625:28)
      at TLSSocket.emit (node:events:523:35)
      at Socket._onTimeout (node:net:582:8)
      at listOnTimeout (node:internal/timers:573:17)
      at process.processTimers (node:internal/timers:514:7)

npm manifest: 
  {
    "name": "payload-cms",
    "description": "A blank template to get started with Payload",
    "version": "1.0.0",
    "main": "dist/server.js",
    "license": "MIT",
    "scripts": {
      "dev": "cross-env PAYLOAD_CONFIG_PATH=src/payload.config.ts nodemon",
      "build:payload": "cross-env PAYLOAD_CONFIG_PATH=src/payload.config.ts payload build",
      "build:server": "tsc",
      "build": "yarn copyfiles && yarn build:payload && yarn build:server",
      "serve": "cross-env PAYLOAD_CONFIG_PATH=dist/payload.config.js NODE_ENV=production node dist/server.js",
      "copyfiles": "copyfiles -u 1 \"src/**/*.{html,css,scss,ttf,woff,woff2,eot,svg,jpg,png}\" dist/",
      "generate:types": "cross-env PAYLOAD_CONFIG_PATH=src/payload.config.ts payload generate:types",
      "generate:graphQLSchema": "cross-env PAYLOAD_CONFIG_PATH=src/payload.config.ts payload generate:graphQLSchema",
      "payload": "cross-env PAYLOAD_CONFIG_PATH=src/payload.config.ts payload"
    },
    "dependencies": {
      "@payloadcms/bundler-webpack": "^1.0.0",
      "@payloadcms/plugin-cloud": "^3.0.0",
      "@payloadcms/richtext-slate": "^1.0.0",
      "cross-env": "^7.0.3",
      "dotenv": "^8.2.0",
      "express": "^4.17.1",
      "payload": "^2.0.0",
      "@payloadcms/db-postgres": "^0.x"
    },
    "devDependencies": {
      "@types/express": "^4.17.9",
      "copyfiles": "^2.4.1",
      "nodemon": "^2.0.6",
      "ts-node": "^9.1.1",
      "typescript": "^4.8.4"
    }
  }

yarn manifest: 
  No manifest

Lockfile: 
  No lockfile
